<?xml version="1.0" encoding="UTF-8"?>
<!-- Generated by org.testng.reporters.JUnitReportReporter -->
<testsuite hostname="DESKTOP-HR4HVE7" failures="0" tests="3" name="com.learning.testcases.LoginHRMTest" time="40.166" errors="0" timestamp="2022-06-04T20:54:45 IST" skipped="0">
  <testcase classname="com.learning.testcases.LoginHRMTest" name="titleValidationTestUsingByLocatorWay" time="15.533"/>
  <system-out/>
  <testcase classname="com.learning.testcases.LoginHRMTest" name="titleValidationTestUsingByLocatorWay" time="13.779"/>
  <system-out/>
  <testcase classname="com.learning.testcases.LoginHRMTest" name="titleValidationUsingPageFactoryWay" time="10.854"/>
  <system-out/>
</testsuite> <!-- com.learning.testcases.LoginHRMTest -->
