<?xml version="1.0" encoding="UTF-8"?>
<!-- Generated by org.testng.reporters.JUnitReportReporter -->
<testsuite hostname="DESKTOP-HR4HVE7" failures="0" tests="2" name="com.learning.testcases.LoginPageTest" time="6.982" errors="0" timestamp="2022-05-15T13:42:42 IST" skipped="1">
  <testcase classname="com.learning.testcases.LoginPageTest" name="test1" time="6.982"/>
  <system-out/>
  <testcase classname="com.learning.testcases.LoginPageTest" name="test2">
    <skipped/>
  </testcase> <!-- test2 -->
  <system-out/>
</testsuite> <!-- com.learning.testcases.LoginPageTest -->
