<?xml version="1.0" encoding="UTF-8"?>
<!-- Generated by org.testng.reporters.JUnitReportReporter -->
<testsuite hostname="DESKTOP-HR4HVE7" failures="0" tests="1" name="com.learning.testcases.HomePageTest" time="5.412" errors="0" timestamp="2022-05-27T09:53:05 IST" skipped="0">
  <testcase classname="com.learning.testcases.HomePageTest" name="test3" time="5.412"/>
  <system-out/>
</testsuite> <!-- com.learning.testcases.HomePageTest -->
